app\mailer.py:27: error: Cannot find implementation or library stub for module named "sendgrid"  [import-not-found]
app\mailer.py:46: error: Cannot find implementation or library stub for module named "sendgrid.helpers.mail"  [import-not-found]
app\security_hardening_advanced.py:18: error: Cannot find implementation or library stub for module named "cryptography.fernet"  [import-not-found]
app\security_hardening_advanced.py:384: error: "object" has no attribute "append"  [attr-defined]
app\security_hardening_advanced.py:385: error: Unsupported operand types for + ("object" and "int")  [operator]
app\security_hardening_advanced.py:407: error: "object" has no attribute "append"  [attr-defined]
app\security_hardening_advanced.py:408: error: Unsupported operand types for + ("object" and "int")  [operator]
app\security_hardening_advanced.py:413: error: "object" has no attribute "append"  [attr-defined]
app\security_hardening_advanced.py:414: error: Unsupported operand types for + ("object" and "int")  [operator]
app\security_hardening_advanced.py:418: error: "object" has no attribute "append"  [attr-defined]
app\security_hardening_advanced.py:419: error: Unsupported operand types for + ("object" and "int")  [operator]
app\security_hardening_advanced.py:440: error: "object" has no attribute "append"  [attr-defined]
app\security_hardening_advanced.py:453: error: Incompatible default for argument "details" (default has type "None", argument has type "dict[str, Any]")  [assignment]
app\security_hardening_advanced.py:453: note: PEP 484 prohibits implicit Optional. Accordingly, mypy has changed its default to no_implicit_optional=True
app\security_hardening_advanced.py:453: note: Use https://github.com/hauntsaninja/no_implicit_optional to automatically upgrade your codebase
app\security_hardening_advanced.py:506: error: Incompatible default for argument "username" (default has type "None", argument has type "str")  [assignment]
app\security_hardening_advanced.py:506: note: PEP 484 prohibits implicit Optional. Accordingly, mypy has changed its default to no_implicit_optional=True
app\security_hardening_advanced.py:506: note: Use https://github.com/hauntsaninja/no_implicit_optional to automatically upgrade your codebase
app\security_hardening_advanced.py:585: error: "object" has no attribute "append"  [attr-defined]
app\security_hardening_advanced.py:591: error: "object" has no attribute "append"  [attr-defined]
app\security_hardening_advanced.py:592: error: Unsupported operand types for + ("object" and "int")  [operator]
app\security_hardening_advanced.py:597: error: "object" has no attribute "append"  [attr-defined]
app\security_hardening_advanced.py:602: error: "object" has no attribute "extend"  [attr-defined]
app\security_hardening_advanced.py:608: error: "object" has no attribute "extend"  [attr-defined]
app\security_hardening_advanced.py:609: error: Unsupported operand types for + ("object" and "int")  [operator]
app\security_hardening_advanced.py:614: error: "object" has no attribute "extend"  [attr-defined]
app\security_hardening_advanced.py:618: error: Unsupported operand types for <= ("int" and "object")  [operator]
app\security_hardening_advanced.py:619: error: Unsupported operand types for <= ("int" and "object")  [operator]
app\security_hardening_advanced.py:633: error: Unsupported operand types for <= ("int" and "object")  [operator]
app\security_hardening_advanced.py:638: error: "object" has no attribute "append"  [attr-defined]
app\security_hardening_advanced.py:662: error: Need type annotation for "events_summary" (hint: "events_summary: dict[<type>, <type>] = ...")  [var-annotated]
app\llm.py:10: error: Cannot find implementation or library stub for module named "dotenv"  [import-not-found]
app\llm.py:23: error: Cannot find implementation or library stub for module named "openai"  [import-not-found]
app\llm.py:48: error: Item "None" of "Any | None" has no attribute "chat"  [union-attr]
app\llm.py:217: error: Argument 1 to "float" has incompatible type "Any | None"; expected "str | Buffer | SupportsFloat | SupportsIndex"  [arg-type]
app\enterprise_error_handling.py:105: error: Unsupported operand types for + ("None" and "int")  [operator]
app\enterprise_error_handling.py:105: note: Left operand is of type "float | int | None"
app\enterprise_error_handling.py:129: error: Exception type must be derived from BaseException (or be a tuple of exception classes)  [misc]
app\enterprise_error_handling.py:144: error: Unsupported operand types for + ("None" and "int")  [operator]
app\enterprise_error_handling.py:144: note: Left operand is of type "float | int | None"
app\enterprise_error_handling.py:147: error: Unsupported operand types for + ("float" and "None")  [operator]
app\enterprise_error_handling.py:147: error: Unsupported operand types for + ("int" and "None")  [operator]
app\enterprise_error_handling.py:147: error: Unsupported operand types for + ("None" and "float")  [operator]
app\enterprise_error_handling.py:147: error: Unsupported operand types for + ("None" and "int")  [operator]
app\enterprise_error_handling.py:147: error: Unsupported left operand type for + ("None")  [operator]
app\enterprise_error_handling.py:147: note: Both left and right operands are unions
app\enterprise_error_handling.py:149: error: Unsupported operand types for * ("None" and "float")  [operator]
app\enterprise_error_handling.py:149: error: Unsupported operand types for * ("None" and "int")  [operator]
app\enterprise_error_handling.py:149: note: Both left and right operands are unions
app\enterprise_error_handling.py:162: error: Unsupported operand types for + ("None" and "int")  [operator]
app\enterprise_error_handling.py:162: note: Left operand is of type "float | int | None"
app\enterprise_error_handling.py:164: error: Incompatible types in assignment (expression has type "float", variable has type "None")  [assignment]
app\enterprise_error_handling.py:167: error: Unsupported operand types for + ("float" and "None")  [operator]
app\enterprise_error_handling.py:167: error: Unsupported operand types for + ("int" and "None")  [operator]
app\enterprise_error_handling.py:167: error: Unsupported operand types for + ("None" and "float")  [operator]
app\enterprise_error_handling.py:167: error: Unsupported operand types for + ("None" and "int")  [operator]
app\enterprise_error_handling.py:167: error: Unsupported left operand type for + ("None")  [operator]
app\enterprise_error_handling.py:167: note: Both left and right operands are unions
app\enterprise_error_handling.py:169: error: Unsupported operand types for * ("None" and "float")  [operator]
app\enterprise_error_handling.py:169: error: Unsupported operand types for * ("None" and "int")  [operator]
app\enterprise_error_handling.py:169: note: Both left and right operands are unions
app\enterprise_error_handling.py:445: error: Need type annotation for "service_errors" (hint: "service_errors: dict[<type>, <type>] = ...")  [var-annotated]
app\enterprise_error_handling.py:507: error: Incompatible default for argument "config" (default has type "None", argument has type "CircuitBreakerConfig")  [assignment]
app\enterprise_error_handling.py:507: note: PEP 484 prohibits implicit Optional. Accordingly, mypy has changed its default to no_implicit_optional=True
app\enterprise_error_handling.py:507: note: Use https://github.com/hauntsaninja/no_implicit_optional to automatically upgrade your codebase
app\enterprise_error_handling.py:515: error: Incompatible types in assignment (expression has type "EnterpriseCircuitBreaker | None", variable has type "EnterpriseCircuitBreaker")  [assignment]
app\store.py:953: error: Incompatible return value type (got "dict[str, Any] | None", expected "dict[str, Any]")  [return-value]
app\store.py:1183: error: Incompatible default for argument "label" (default has type "None", argument has type "str")  [assignment]
app\store.py:1183: note: PEP 484 prohibits implicit Optional. Accordingly, mypy has changed its default to no_implicit_optional=True
app\store.py:1183: note: Use https://github.com/hauntsaninja/no_implicit_optional to automatically upgrade your codebase
app\store.py:1211: error: Incompatible default for argument "mfa_enabled" (default has type "None", argument has type "bool")  [assignment]
app\store.py:1211: note: PEP 484 prohibits implicit Optional. Accordingly, mypy has changed its default to no_implicit_optional=True
app\store.py:1211: note: Use https://github.com/hauntsaninja/no_implicit_optional to automatically upgrade your codebase
app\store.py:1212: error: Incompatible default for argument "mfa_type" (default has type "None", argument has type "str")  [assignment]
app\store.py:1212: note: PEP 484 prohibits implicit Optional. Accordingly, mypy has changed its default to no_implicit_optional=True
app\store.py:1212: note: Use https://github.com/hauntsaninja/no_implicit_optional to automatically upgrade your codebase
app\store.py:1213: error: Incompatible default for argument "totp_secret" (default has type "None", argument has type "str")  [assignment]
app\store.py:1213: note: PEP 484 prohibits implicit Optional. Accordingly, mypy has changed its default to no_implicit_optional=True
app\store.py:1213: note: Use https://github.com/hauntsaninja/no_implicit_optional to automatically upgrade your codebase
app\store.py:1214: error: Incompatible default for argument "recovery_codes" (default has type "None", argument has type "list[Any]")  [assignment]
app\store.py:1214: note: PEP 484 prohibits implicit Optional. Accordingly, mypy has changed its default to no_implicit_optional=True
app\store.py:1214: note: Use https://github.com/hauntsaninja/no_implicit_optional to automatically upgrade your codebase
app\store.py:1215: error: Incompatible default for argument "has_hardware_key" (default has type "None", argument has type "bool")  [assignment]
app\store.py:1215: note: PEP 484 prohibits implicit Optional. Accordingly, mypy has changed its default to no_implicit_optional=True
app\store.py:1215: note: Use https://github.com/hauntsaninja/no_implicit_optional to automatically upgrade your codebase
app\store.py:1232: error: Argument 1 to "append" of "list" has incompatible type "int"; expected "bool"  [arg-type]
app\store.py:1236: error: Argument 1 to "append" of "list" has incompatible type "str"; expected "bool"  [arg-type]
app\store.py:1240: error: Argument 1 to "append" of "list" has incompatible type "str"; expected "bool"  [arg-type]
app\store.py:1244: error: Argument 1 to "append" of "list" has incompatible type "str"; expected "bool"  [arg-type]
app\store.py:1252: error: Argument 1 to "append" of "list" has incompatible type "int"; expected "bool"  [arg-type]
app\store.py:1255: error: Argument 1 to "append" of "list" has incompatible type "int"; expected "bool"  [arg-type]
app\store.py:1301: error: Incompatible default for argument "display_name" (default has type "None", argument has type "str")  [assignment]
app\store.py:1301: note: PEP 484 prohibits implicit Optional. Accordingly, mypy has changed its default to no_implicit_optional=True
app\store.py:1301: note: Use https://github.com/hauntsaninja/no_implicit_optional to automatically upgrade your codebase
app\store.py:1301: error: Incompatible default for argument "avatar_url" (default has type "None", argument has type "str")  [assignment]
app\store.py:1320: error: Argument 1 to "append" of "list" has incompatible type "int"; expected "str"  [arg-type]
app\enterprise_cicd_pipeline.py:254: error: Unsupported target for indexed assignment ("object")  [index]
app\enterprise_cicd_pipeline.py:258: error: "object" has no attribute "extend"  [attr-defined]
app\enterprise_cicd_pipeline.py:428: error: "object" has no attribute "append"  [attr-defined]
app\enterprise_cicd_pipeline.py:432: error: "object" has no attribute "append"  [attr-defined]
app\enterprise_cicd_pipeline.py:452: error: "object" has no attribute "append"  [attr-defined]
app\enterprise_cicd_pipeline.py:456: error: "object" has no attribute "append"  [attr-defined]
app\enterprise_cicd_pipeline.py:643: error: Need type annotation for "deployment_result"  [var-annotated]
app\enterprise_cicd_pipeline.py:657: error: Incompatible types in assignment (expression has type "dict[str, Any]", target has type "list[Any] | str | None")  [assignment]
app\enterprise_cicd_pipeline.py:680: error: Argument 1 to "_run_deployment_step" of "CICDPipeline" has incompatible type "str | function | Any | BuildArtifact"; expected "str"  [arg-type]
app\enterprise_cicd_pipeline.py:681: error: Item "str" of "list[Any] | str | None" has no attribute "append"  [union-attr]
app\enterprise_cicd_pipeline.py:681: error: Item "None" of "list[Any] | str | None" has no attribute "append"  [union-attr]
app\enterprise_cicd_pipeline.py:685: error: Incompatible types in assignment (expression has type "str | function | Any | BuildArtifact", target has type "list[Any] | str | None")  [assignment]
app\enterprise_cicd_pipeline.py:691: error: Argument 1 to "_perform_rollback" of "CICDPipeline" has incompatible type "list[Any] | str"; expected "dict[Any, Any]"  [arg-type]
app\enterprise_cicd_pipeline.py:693: error: Incompatible types in assignment (expression has type "dict[str, Any]", target has type "list[Any] | str | None")  [assignment]
app\enterprise_cicd_pipeline.py:707: error: Incompatible types in assignment (expression has type "float", target has type "list[Any] | str | None")  [assignment]
app\enterprise_cicd_pipeline.py:718: error: Function "builtins.callable" is not valid as a type  [valid-type]
app\enterprise_cicd_pipeline.py:718: note: Perhaps you meant "typing.Callable" instead of "callable"?
app\enterprise_cicd_pipeline.py:732: error: callable? not callable  [misc]
app\crypto_iso20022_integration.py:194: error: Argument 1 to "_add_remaining_crypto_configs" of "CryptoISO20022Manager" has incompatible type "dict[SupportedCryptos, CryptoNetworkConfig]"; expected "dict[str, CryptoNetworkConfig]"  [arg-type]
app\crypto_iso20022_integration.py:196: error: Incompatible return value type (got "dict[SupportedCryptos, CryptoNetworkConfig]", expected "dict[str, CryptoNetworkConfig]")  [return-value]
app\crypto_iso20022_integration.py:196: note: Perhaps you need a type annotation for "configs"? Suggestion: "dict[str, CryptoNetworkConfig]"
app\compliance.py:83: error: Item "None" of "str | None" has no attribute "lower"  [union-attr]
app\compliance.py:204: error: Incompatible return value type (got "str", expected "Literal['income', 'expense', 'fee', 'trade', 'transfer', 'unknown']")  [return-value]
app\compliance.py:209: error: Incompatible return value type (got "str", expected "Literal['income', 'expense', 'fee', 'trade', 'transfer', 'unknown']")  [return-value]
app\compliance.py:210: error: Incompatible return value type (got "str", expected "Literal['income', 'expense', 'fee', 'trade', 'transfer', 'unknown']")  [return-value]
app\advanced_security.py:23: error: Cannot find implementation or library stub for module named "cryptography.fernet"  [import-not-found]
app\advanced_security.py:26: error: Cannot find implementation or library stub for module named "cryptography.hazmat.backends"  [import-not-found]
app\advanced_security.py:27: error: Cannot find implementation or library stub for module named "cryptography.hazmat.primitives"  [import-not-found]
app\advanced_security.py:28: error: Cannot find implementation or library stub for module named "cryptography.hazmat.primitives.asymmetric"  [import-not-found]
app\advanced_security.py:103: note: By default the bodies of untyped functions are not checked, consider using --check-untyped-defs  [annotation-unchecked]
app\advanced_security.py:104: note: By default the bodies of untyped functions are not checked, consider using --check-untyped-defs  [annotation-unchecked]
app\advanced_security.py:163: error: Need type annotation for "anomalies" (hint: "anomalies: list[<type>] = ...")  [var-annotated]
app\advanced_security.py:177: error: Need type annotation for "hour_counts"  [var-annotated]
app\advanced_security.py:262: note: By default the bodies of untyped functions are not checked, consider using --check-untyped-defs  [annotation-unchecked]
app\advanced_security.py:263: note: By default the bodies of untyped functions are not checked, consider using --check-untyped-defs  [annotation-unchecked]
app\advanced_security.py:264: note: By default the bodies of untyped functions are not checked, consider using --check-untyped-defs  [annotation-unchecked]
app\advanced_security.py:265: note: By default the bodies of untyped functions are not checked, consider using --check-untyped-defs  [annotation-unchecked]
app\advanced_security.py:340: error: "object" has no attribute "append"  [attr-defined]
app\advanced_security.py:465: note: By default the bodies of untyped functions are not checked, consider using --check-untyped-defs  [annotation-unchecked]
app\advanced_security.py:466: note: By default the bodies of untyped functions are not checked, consider using --check-untyped-defs  [annotation-unchecked]
app\advanced_security.py:467: note: By default the bodies of untyped functions are not checked, consider using --check-untyped-defs  [annotation-unchecked]
app\advanced_security.py:468: note: By default the bodies of untyped functions are not checked, consider using --check-untyped-defs  [annotation-unchecked]
app\advanced_security.py:531: note: By default the bodies of untyped functions are not checked, consider using --check-untyped-defs  [annotation-unchecked]
app\advanced_security.py:532: note: By default the bodies of untyped functions are not checked, consider using --check-untyped-defs  [annotation-unchecked]
app\advanced_security.py:533: note: By default the bodies of untyped functions are not checked, consider using --check-untyped-defs  [annotation-unchecked]
app\advanced_security.py:638: note: By default the bodies of untyped functions are not checked, consider using --check-untyped-defs  [annotation-unchecked]
app\advanced_security.py:639: note: By default the bodies of untyped functions are not checked, consider using --check-untyped-defs  [annotation-unchecked]
app\advanced_security.py:822: note: By default the bodies of untyped functions are not checked, consider using --check-untyped-defs  [annotation-unchecked]
app\settings.py:95: error: Argument 1 to "Settings" has incompatible type "**dict[str, object]"; expected "str"  [arg-type]
app\settings.py:95: error: Argument 1 to "Settings" has incompatible type "**dict[str, object]"; expected "int"  [arg-type]
app\settings.py:95: error: Argument 1 to "Settings" has incompatible type "**dict[str, object]"; expected "float"  [arg-type]
app\settings.py:95: error: Argument 1 to "Settings" has incompatible type "**dict[str, object]"; expected "bool"  [arg-type]
app\settings.py:95: error: Argument 1 to "Settings" has incompatible type "**dict[str, object]"; expected "list[str]"  [arg-type]
app\referral_system.py:11: error: Cannot find implementation or library stub for module named "sqlalchemy.orm"  [import-not-found]
app\referral_system.py:150: error: Incompatible return value type (got "object", expected "dict[Any, Any]")  [return-value]
app\referral_system.py:285: error: Argument 2 to "track_referral_signup" of "ReferralManager" has incompatible type "Any | None"; expected "str"  [arg-type]
app\onboarding.py:77: note: By default the bodies of untyped functions are not checked, consider using --check-untyped-defs  [annotation-unchecked]
app\config.py:7: error: Cannot find implementation or library stub for module named "pydantic_settings"  [import-not-found]
app\community.py:143: note: By default the bodies of untyped functions are not checked, consider using --check-untyped-defs  [annotation-unchecked]
app\community.py:144: note: By default the bodies of untyped functions are not checked, consider using --check-untyped-defs  [annotation-unchecked]
app\community.py:145: note: By default the bodies of untyped functions are not checked, consider using --check-untyped-defs  [annotation-unchecked]
app\community.py:146: note: By default the bodies of untyped functions are not checked, consider using --check-untyped-defs  [annotation-unchecked]
app\community.py:147: note: By default the bodies of untyped functions are not checked, consider using --check-untyped-defs  [annotation-unchecked]
app\community.py:148: note: By default the bodies of untyped functions are not checked, consider using --check-untyped-defs  [annotation-unchecked]
app\community.py:440: error: Incompatible default for argument "tags" (default has type "None", argument has type "list[str]")  [assignment]
app\community.py:440: note: PEP 484 prohibits implicit Optional. Accordingly, mypy has changed its default to no_implicit_optional=True
app\community.py:440: note: Use https://github.com/hauntsaninja/no_implicit_optional to automatically upgrade your codebase
app\community.py:526: error: Need type annotation for "tag_counts" (hint: "tag_counts: dict[<type>, <type>] = ...")  [var-annotated]
app\community.py:554: note: By default the bodies of untyped functions are not checked, consider using --check-untyped-defs  [annotation-unchecked]
app\community.py:555: note: By default the bodies of untyped functions are not checked, consider using --check-untyped-defs  [annotation-unchecked]
app\logging_config.py:11: error: Cannot find implementation or library stub for module named "structlog"  [import-not-found]
app\logging_config.py:12: error: Cannot find implementation or library stub for module named "pythonjsonlogger.json"  [import-not-found]
app\logging_config.py:165: error: Incompatible types in assignment (expression has type "dict[str, Any]", target has type "str")  [assignment]
app\logging_config.py:206: error: Incompatible types in assignment (expression has type "dict[str, Any]", target has type "str")  [assignment]
app\logging_config.py:217: error: Incompatible default for argument "details" (default has type "None", argument has type "dict[str, Any]")  [assignment]
app\logging_config.py:217: note: PEP 484 prohibits implicit Optional. Accordingly, mypy has changed its default to no_implicit_optional=True
app\logging_config.py:217: note: Use https://github.com/hauntsaninja/no_implicit_optional to automatically upgrade your codebase
app\security_modules\password_policy.py:16: error: Cannot find implementation or library stub for module named "argon2"  [import-not-found]
app\security_modules\password_policy.py:17: error: Cannot find implementation or library stub for module named "argon2.exceptions"  [import-not-found]
app\security_modules\password_policy.py:23: error: Name "PasswordHasher" already defined (possibly by an import)  [no-redef]
app\security_modules\password_policy.py:35: error: Name "VerifyMismatchError" already defined (possibly by an import)  [no-redef]
app\security_modules\password_policy.py:38: error: Name "HashingError" already defined (possibly by an import)  [no-redef]
app\system_monitor.py:136: error: Need type annotation for "response_times" (hint: "response_times: list[<type>] = ...")  [var-annotated]
app\system_monitor.py:138: error: Need type annotation for "active_sessions" (hint: "active_sessions: set[<type>] = ...")  [var-annotated]
app\system_monitor.py:264: error: Incompatible return value type (got "None", expected "SystemMetrics")  [return-value]
app\system_monitor.py:306: error: Incompatible return value type (got "None", expected "ApplicationMetrics")  [return-value]
app\system_monitor.py:342: error: Incompatible return value type (got "None", expected "SecurityMetrics")  [return-value]
app\resilience_system.py:83: error: Incompatible types in assignment (expression has type "None", variable has type "list[type]")  [assignment]
app\resilience_system.py:113: error: Need type annotation for "state_transitions" (hint: "state_transitions: list[<type>] = ...")  [var-annotated]
app\resilience_system.py:155: error: Incompatible types in "await" (actual type "T", expected type "Awaitable[Any]")  [misc]
app\resilience_system.py:184: error: Incompatible types in assignment (expression has type "float", variable has type "None")  [assignment]
app\resilience_system.py:203: error: Incompatible return value type (got "None", expected "bool")  [return-value]
app\resilience_system.py:335: error: Exception must be derived from BaseException  [misc]
app\resilience_system.py:379: error: Exception must be derived from BaseException  [misc]
app\resilience_system.py:949: error: Need type annotation for "error_counts"  [var-annotated]
app\resilience_system.py:987: error: Incompatible types in assignment (expression has type "float", variable has type "int")  [assignment]
app\resilience_system.py:1008: error: Argument 1 to "append" of "list" has incompatible type "float | int"; expected "int"  [arg-type]
app\resilience_system.py:1042: error: Incompatible default for argument "config" (default has type "None", argument has type "CircuitBreakerConfig")  [assignment]
app\resilience_system.py:1042: note: PEP 484 prohibits implicit Optional. Accordingly, mypy has changed its default to no_implicit_optional=True
app\resilience_system.py:1042: note: Use https://github.com/hauntsaninja/no_implicit_optional to automatically upgrade your codebase
app\resilience_system.py:1066: error: Incompatible default for argument "policy" (default has type "None", argument has type "RetryPolicy")  [assignment]
app\resilience_system.py:1066: note: PEP 484 prohibits implicit Optional. Accordingly, mypy has changed its default to no_implicit_optional=True
app\resilience_system.py:1066: note: Use https://github.com/hauntsaninja/no_implicit_optional to automatically upgrade your codebase
app\resilience_system.py:1075: error: Incompatible default for argument "context" (default has type "None", argument has type "dict[str, Any]")  [assignment]
app\resilience_system.py:1075: note: PEP 484 prohibits implicit Optional. Accordingly, mypy has changed its default to no_implicit_optional=True
app\resilience_system.py:1075: note: Use https://github.com/hauntsaninja/no_implicit_optional to automatically upgrade your codebase
app\performance_optimization_advanced.py:61: error: Need type annotation for "access_order"  [var-annotated]
app\performance_optimization_advanced.py:69: error: Need type annotation for "get_times"  [var-annotated]
app\performance_optimization_advanced.py:70: error: Need type annotation for "set_times"  [var-annotated]
app\performance_optimization_advanced.py:249: error: Need type annotation for "memory_samples"  [var-annotated]
app\performance_optimization_advanced.py:250: error: Need type annotation for "cpu_samples"  [var-annotated]
app\performance_optimization.py:28: error: Cannot find implementation or library stub for module named "aiohttp"  [import-not-found]
app\performance_optimization.py:29: error: Cannot find implementation or library stub for module named "asyncpg"  [import-not-found]
app\performance_optimization.py:30: error: Cannot find implementation or library stub for module named "memcache"  [import-not-found]
app\performance_optimization.py:32: error: Cannot find implementation or library stub for module named "redis"  [import-not-found]
app\performance_optimization.py:102: error: Cannot find implementation or library stub for module named "config"  [import-not-found]
app\performance_optimization.py:379: error: Need type annotation for "query_times" (hint: "query_times: list[<type>] = ...")  [var-annotated]
app\performance_optimization.py:505: note: By default the bodies of untyped functions are not checked, consider using --check-untyped-defs  [annotation-unchecked]
app\performance_optimization.py:507: note: By default the bodies of untyped functions are not checked, consider using --check-untyped-defs  [annotation-unchecked]
app\performance_optimization.py:508: note: By default the bodies of untyped functions are not checked, consider using --check-untyped-defs  [annotation-unchecked]
app\performance_optimization.py:509: note: By default the bodies of untyped functions are not checked, consider using --check-untyped-defs  [annotation-unchecked]
app\performance_optimization.py:529: error: Invalid index type "object" for "dict[str, bool]"; expected type "str"  [index]
app\performance_optimization.py:530: error: Invalid index type "object" for "dict[str, int]"; expected type "str"  [index]
app\performance_optimization.py:531: error: Invalid index type "object" for "dict[str, list[float]]"; expected type "str"  [index]
app\performance_optimization.py:685: error: Incompatible default for argument "strategy" (default has type "str", argument has type "CacheStrategy")  [assignment]
app\performance_optimization.py:693: error: Need type annotation for "cache"  [var-annotated]
app\performance_optimization.py:749: note: By default the bodies of untyped functions are not checked, consider using --check-untyped-defs  [annotation-unchecked]
app\performance_optimization.py:964: error: Cannot find implementation or library stub for module named "redis.asyncio"  [import-not-found]
app\performance_optimization.py:981: error: Cannot find implementation or library stub for module named "pymemcache.client.base"  [import-not-found]
app\performance_optimization.py:1076: error: Value of type "Collection[str]" is not indexable  [index]
app\performance_optimization.py:1079: error: Value of type "Collection[str]" is not indexable  [index]
app\performance_optimization.py:1083: error: Value of type "Collection[str]" is not indexable  [index]
app\performance_optimization.py:1316: error: Value of type "object" is not indexable  [index]
app\performance_optimization.py:1318: error: Value of type "object" is not indexable  [index]
app\performance_optimization.py:1327: error: Value of type "object" is not indexable  [index]
app\performance_optimization.py:1329: error: Value of type "object" is not indexable  [index]
app\performance_optimization.py:1338: error: Value of type "object" is not indexable  [index]
app\performance_optimization.py:1340: error: Value of type "object" is not indexable  [index]
app\performance_optimization.py:1349: error: Value of type "object" is not indexable  [index]
app\performance_optimization.py:1351: error: Value of type "object" is not indexable  [index]
app\multi_chain_support.py:168: error: Argument "average_block_time" to "ChainInfo" has incompatible type "float"; expected "int"  [arg-type]
app\multi_chain_support.py:421: error: Incompatible types in assignment (expression has type "float", variable has type "int")  [assignment]
app\enterprise_monitoring.py:264: note: By default the bodies of untyped functions are not checked, consider using --check-untyped-defs  [annotation-unchecked]
app\enterprise_monitoring.py:265: note: By default the bodies of untyped functions are not checked, consider using --check-untyped-defs  [annotation-unchecked]
app\enterprise_monitoring.py:266: note: By default the bodies of untyped functions are not checked, consider using --check-untyped-defs  [annotation-unchecked]
app\enterprise_monitoring.py:290: error: Incompatible default for argument "metadata" (default has type "None", argument has type "dict[str, Any]")  [assignment]
app\enterprise_monitoring.py:290: note: PEP 484 prohibits implicit Optional. Accordingly, mypy has changed its default to no_implicit_optional=True
app\enterprise_monitoring.py:290: note: Use https://github.com/hauntsaninja/no_implicit_optional to automatically upgrade your codebase
app\enterprise_monitoring.py:376: note: By default the bodies of untyped functions are not checked, consider using --check-untyped-defs  [annotation-unchecked]
app\enterprise_monitoring.py:377: note: By default the bodies of untyped functions are not checked, consider using --check-untyped-defs  [annotation-unchecked]
app\enterprise_monitoring.py:479: error: Incompatible types in assignment (expression has type "Thread", variable has type "None")  [assignment]
app\enterprise_monitoring.py:482: error: "None" has no attribute "start"  [attr-defined]
app\enterprise_monitoring.py:558: error: Incompatible default for argument "tags" (default has type "None", argument has type "dict[str, str]")  [assignment]
app\enterprise_monitoring.py:558: note: PEP 484 prohibits implicit Optional. Accordingly, mypy has changed its default to no_implicit_optional=True
app\enterprise_monitoring.py:558: note: Use https://github.com/hauntsaninja/no_implicit_optional to automatically upgrade your codebase
app\enterprise_monitoring.py:569: error: Incompatible default for argument "metric_name" (default has type "None", argument has type "str")  [assignment]
app\enterprise_monitoring.py:569: note: PEP 484 prohibits implicit Optional. Accordingly, mypy has changed its default to no_implicit_optional=True
app\enterprise_monitoring.py:569: note: Use https://github.com/hauntsaninja/no_implicit_optional to automatically upgrade your codebase
app\enterprise_monitoring.py:569: error: Incompatible default for argument "tags" (default has type "None", argument has type "dict[str, str]")  [assignment]
app\enterprise_database_async.py:74: error: Need type annotation for "_pool"  [var-annotated]
app\enterprise_database_async.py:75: error: Need type annotation for "_overflow" (hint: "_overflow: list[<type>] = ...")  [var-annotated]
app\enterprise_database_async.py:76: error: Need type annotation for "_checked_out"  [var-annotated]
app\enterprise_database_async.py:298: error: Need type annotation for "_task_queue"  [var-annotated]
app\enterprise_database_async.py:299: error: Need type annotation for "_scheduled_tasks" (hint: "_scheduled_tasks: list[<type>] = ...")  [var-annotated]
app\enterprise_database_async.py:300: error: Need type annotation for "_completed_tasks" (hint: "_completed_tasks: list[<type>] = ...")  [var-annotated]
app\enterprise_database_async.py:301: error: Need type annotation for "_failed_tasks" (hint: "_failed_tasks: list[<type>] = ...")  [var-annotated]
app\enterprise_database_async.py:337: error: Incompatible return value type (got "None", expected "str")  [return-value]
app\enterprise_database_async.py:351: error: Incompatible return value type (got "None", expected "str")  [return-value]
app\enterprise_database_async.py:367: error: Incompatible return value type (got "None", expected "str")  [return-value]
app\comprehensive_testing.py:22: error: Cannot find implementation or library stub for module named "coverage"  [import-not-found]
app\comprehensive_testing.py:40: error: Incompatible types in assignment (expression has type "None", variable has type "datetime")  [assignment]
app\comprehensive_testing.py:59: note: By default the bodies of untyped functions are not checked, consider using --check-untyped-defs  [annotation-unchecked]
app\comprehensive_testing.py:60: note: By default the bodies of untyped functions are not checked, consider using --check-untyped-defs  [annotation-unchecked]
app\comprehensive_testing.py:61: note: By default the bodies of untyped functions are not checked, consider using --check-untyped-defs  [annotation-unchecked]
app\advanced_ai_risk.py:15: error: Cannot find implementation or library stub for module named "sklearn.ensemble"  [import-not-found]
app\advanced_ai_risk.py:16: error: Cannot find implementation or library stub for module named "sklearn.preprocessing"  [import-not-found]
app\advanced_ai_risk.py:126: error: Incompatible default for argument "user_history" (default has type "None", argument has type "list[dict[str, Any]]")  [assignment]
app\advanced_ai_risk.py:126: note: PEP 484 prohibits implicit Optional. Accordingly, mypy has changed its default to no_implicit_optional=True
app\advanced_ai_risk.py:126: note: Use https://github.com/hauntsaninja/no_implicit_optional to automatically upgrade your codebase
app\advanced_ai_risk.py:419: error: Incompatible default for argument "user_history" (default has type "None", argument has type "list[dict[str, Any]]")  [assignment]
app\advanced_ai_risk.py:419: note: PEP 484 prohibits implicit Optional. Accordingly, mypy has changed its default to no_implicit_optional=True
app\advanced_ai_risk.py:419: note: Use https://github.com/hauntsaninja/no_implicit_optional to automatically upgrade your codebase
app\reporter.py:18: error: Generator has incompatible item type "int"; expected "bool"  [misc]
app\reporter.py:18: error: Unsupported operand types for <= ("float" and "None")  [operator]
app\reporter.py:18: note: Left operand is of type "float | None"
app\reporter.py:19: error: Unexpected keyword argument "fees" for "ReportSummary"  [call-arg]
app\models.py: note: "ReportSummary" defined here
app\reporter.py:19: error: Unexpected keyword argument "suspicious_count" for "ReportSummary"  [call-arg]
app\reporter.py:19: error: Unexpected keyword argument "transactions" for "ReportSummary"  [call-arg]
app\reporter.py:20: error: Argument "total_in" to "ReportSummary" has incompatible type "Decimal | Literal[0]"; expected "Decimal"  [arg-type]
app\reporter.py:21: error: Argument "total_out" to "ReportSummary" has incompatible type "Decimal | Literal[0]"; expected "Decimal"  [arg-type]
app\enterprise_analytics_reporting.py:210: error: Incompatible default for argument "properties" (default has type "None", argument has type "dict[str, Any]")  [assignment]
app\enterprise_analytics_reporting.py:210: note: PEP 484 prohibits implicit Optional. Accordingly, mypy has changed its default to no_implicit_optional=True
app\enterprise_analytics_reporting.py:210: note: Use https://github.com/hauntsaninja/no_implicit_optional to automatically upgrade your codebase
app\enterprise_analytics_reporting.py:211: error: Incompatible default for argument "metadata" (default has type "None", argument has type "dict[str, Any]")  [assignment]
app\enterprise_analytics_reporting.py:211: note: PEP 484 prohibits implicit Optional. Accordingly, mypy has changed its default to no_implicit_optional=True
app\enterprise_analytics_reporting.py:211: note: Use https://github.com/hauntsaninja/no_implicit_optional to automatically upgrade your codebase
app\enterprise_analytics_reporting.py:409: error: Incompatible default for argument "start_time" (default has type "None", argument has type "datetime")  [assignment]
app\enterprise_analytics_reporting.py:409: note: PEP 484 prohibits implicit Optional. Accordingly, mypy has changed its default to no_implicit_optional=True
app\enterprise_analytics_reporting.py:409: note: Use https://github.com/hauntsaninja/no_implicit_optional to automatically upgrade your codebase
app\enterprise_analytics_reporting.py:409: error: Incompatible default for argument "end_time" (default has type "None", argument has type "datetime")  [assignment]
app\enterprise_analytics_reporting.py:653: error: Incompatible default for argument "parameters" (default has type "None", argument has type "dict[str, Any]")  [assignment]
app\enterprise_analytics_reporting.py:653: note: PEP 484 prohibits implicit Optional. Accordingly, mypy has changed its default to no_implicit_optional=True
app\enterprise_analytics_reporting.py:653: note: Use https://github.com/hauntsaninja/no_implicit_optional to automatically upgrade your codebase
app\enterprise_analytics_reporting.py:681: error: Incompatible types in assignment (expression has type "str", variable has type "list[dict[Hashable, Any]]")  [assignment]
app\enterprise_analytics_reporting.py:731: error: Incompatible default for argument "error" (default has type "None", argument has type "str")  [assignment]
app\enterprise_analytics_reporting.py:731: note: PEP 484 prohibits implicit Optional. Accordingly, mypy has changed its default to no_implicit_optional=True
app\enterprise_analytics_reporting.py:731: note: Use https://github.com/hauntsaninja/no_implicit_optional to automatically upgrade your codebase
app\enterprise_integration_hub.py:21: error: Module "app.enterprise_error_handling" has no attribute "get_error_handler"; maybe "error_handler"?  [attr-defined]
app\enterprise_integration_hub.py:66: error: Incompatible default for argument "config" (default has type "None", argument has type "IntegrationConfig")  [assignment]
app\enterprise_integration_hub.py:66: note: PEP 484 prohibits implicit Optional. Accordingly, mypy has changed its default to no_implicit_optional=True
app\enterprise_integration_hub.py:66: note: Use https://github.com/hauntsaninja/no_implicit_optional to automatically upgrade your codebase
app\enterprise_integration_hub.py:84: error: Need type annotation for "operation_counts" (hint: "operation_counts: dict[<type>, <type>] = ...")  [var-annotated]
app\enterprise_integration_hub.py:85: error: Need type annotation for "performance_metrics" (hint: "performance_metrics: dict[<type>, <type>] = ...")  [var-annotated]
app\enterprise_integration_hub.py:100: error: Incompatible types in assignment (expression has type "AsyncDatabaseManager", variable has type "None")  [assignment]
app\enterprise_integration_hub.py:101: error: "None" has no attribute "initialize"  [attr-defined]
app\enterprise_integration_hub.py:119: error: Incompatible types in assignment (expression has type "CICDPipeline", variable has type "None")  [assignment]
app\enterprise_integration_hub.py:129: error: Incompatible types in assignment (expression has type "EnterpriseHealthMonitor", variable has type "None")  [assignment]
app\enterprise_integration_hub.py:139: error: Incompatible types in assignment (expression has type "EnterpriseAnalytics", variable has type "None")  [assignment]
app\enterprise_integration_hub.py:176: error: Incompatible default for argument "metrics" (default has type "None", argument has type "dict[Any, Any]")  [assignment]
app\enterprise_integration_hub.py:176: note: PEP 484 prohibits implicit Optional. Accordingly, mypy has changed its default to no_implicit_optional=True
app\enterprise_integration_hub.py:176: note: Use https://github.com/hauntsaninja/no_implicit_optional to automatically upgrade your codebase
app\security_session.py:5: error: Cannot find implementation or library stub for module named "jwt"  [import-not-found]
app\security_session.py:15: error: Cannot find implementation or library stub for module named "dotenv"  [import-not-found]
app\plugin_system.py:60: note: By default the bodies of untyped functions are not checked, consider using --check-untyped-defs  [annotation-unchecked]
app\plugin_system.py:61: note: By default the bodies of untyped functions are not checked, consider using --check-untyped-defs  [annotation-unchecked]
app\plugin_system.py:80: error: Item "None" of "PluginMetadata | None" has no attribute "name"  [union-attr]
app\plugin_system.py:162: error: Argument 1 to "module_from_spec" has incompatible type "ModuleSpec | None"; expected "ModuleSpec"  [arg-type]
app\plugin_system.py:163: error: Item "None" of "ModuleSpec | None" has no attribute "loader"  [union-attr]
app\plugin_system.py:163: error: Item "None" of "Loader | Any | None" has no attribute "exec_module"  [union-attr]
app\plugin_system.py:188: error: Item "None" of "PluginMetadata | None" has no attribute "model_dump"  [union-attr]
app\plugin_system.py:208: error: Item "None" of "PluginMetadata | None" has no attribute "model_dump"  [union-attr]
app\performance.py:245: error: "_Wrapped[[VarArg(Any), KwArg(Any)], Any, [VarArg(Any), KwArg(Any)], Any]" has no attribute "cache"  [attr-defined]
app\performance.py:248: error: "_Wrapped[[VarArg(Any), KwArg(Any)], Any, [VarArg(Any), KwArg(Any)], Any]" has no attribute "cache"  [attr-defined]
app\performance.py:266: note: By default the bodies of untyped functions are not checked, consider using --check-untyped-defs  [annotation-unchecked]
app\performance.py:269: note: By default the bodies of untyped functions are not checked, consider using --check-untyped-defs  [annotation-unchecked]
app\health.py:14: error: Cannot find implementation or library stub for module named "redis"  [import-not-found]
app\health.py:139: error: Cannot find implementation or library stub for module named "aiohttp"  [import-not-found]
app\health.py:216: error: Cannot determine type of "database_check"  [has-type]
app\health.py:217: error: Cannot determine type of "database_check"  [has-type]
app\health.py:218: error: Cannot determine type of "database_check"  [has-type]
app\health.py:221: error: Cannot determine type of "cache_check"  [has-type]
app\health.py:222: error: Cannot determine type of "cache_check"  [has-type]
app\health.py:223: error: Cannot determine type of "cache_check"  [has-type]
app\health.py:226: error: Cannot determine type of "external_checks"  [has-type]
app\health.py:227: error: Cannot determine type of "external_checks"  [has-type]
app\health.py:228: error: Cannot determine type of "external_checks"  [has-type]
app\health.py:236: error: Cannot determine type of "database_check"  [has-type]
app\health.py:236: error: Cannot determine type of "cache_check"  [has-type]
app\hardening.py:71: error: Argument "samesite" to "set_cookie" of "Response" has incompatible type "Literal['Strict']"; expected "Literal['lax', 'strict', 'none'] | None"  [arg-type]
app\exceptions.py:9: error: Cannot find implementation or library stub for module named "structlog"  [import-not-found]
app\enterprise_security_enhanced.py:32: error: Cannot find implementation or library stub for module named "redis"  [import-not-found]
app\enterprise_security_enhanced.py:47: error: Name "rate_limit_store" already defined on line 43  [no-redef]
app\enterprise_security_enhanced.py:373: error: Item "None" of "Address | None" has no attribute "host"  [union-attr]
app\enterprise_security_enhanced.py:419: error: Incompatible default for argument "client_ip" (default has type "None", argument has type "str")  [assignment]
app\enterprise_security_enhanced.py:419: note: PEP 484 prohibits implicit Optional. Accordingly, mypy has changed its default to no_implicit_optional=True
app\enterprise_security_enhanced.py:419: note: Use https://github.com/hauntsaninja/no_implicit_optional to automatically upgrade your codebase
app\enterprise_security_enhanced.py:433: error: Incompatible default for argument "client_ip" (default has type "None", argument has type "str")  [assignment]
app\enterprise_security_enhanced.py:433: note: PEP 484 prohibits implicit Optional. Accordingly, mypy has changed its default to no_implicit_optional=True
app\enterprise_security_enhanced.py:433: note: Use https://github.com/hauntsaninja/no_implicit_optional to automatically upgrade your codebase
app\enterprise_security_enhanced.py:443: error: Incompatible default for argument "client_ip" (default has type "None", argument has type "str")  [assignment]
app\enterprise_security_enhanced.py:443: note: PEP 484 prohibits implicit Optional. Accordingly, mypy has changed its default to no_implicit_optional=True
app\enterprise_security_enhanced.py:443: note: Use https://github.com/hauntsaninja/no_implicit_optional to automatically upgrade your codebase
app\enterprise_security.py:41: note: By default the bodies of untyped functions are not checked, consider using --check-untyped-defs  [annotation-unchecked]
app\enterprise_security.py:42: note: By default the bodies of untyped functions are not checked, consider using --check-untyped-defs  [annotation-unchecked]
app\enterprise_security.py:43: note: By default the bodies of untyped functions are not checked, consider using --check-untyped-defs  [annotation-unchecked]
app\enterprise_security.py:44: note: By default the bodies of untyped functions are not checked, consider using --check-untyped-defs  [annotation-unchecked]
app\enterprise_security.py:273: error: Incompatible default for argument "request" (default has type "None", argument has type "Request")  [assignment]
app\enterprise_security.py:273: note: PEP 484 prohibits implicit Optional. Accordingly, mypy has changed its default to no_implicit_optional=True
app\enterprise_security.py:273: note: Use https://github.com/hauntsaninja/no_implicit_optional to automatically upgrade your codebase
app\advanced_security_hardening.py:96: note: By default the bodies of untyped functions are not checked, consider using --check-untyped-defs  [annotation-unchecked]
app\advanced_security_hardening.py:97: note: By default the bodies of untyped functions are not checked, consider using --check-untyped-defs  [annotation-unchecked]
app\advanced_security_hardening.py:98: note: By default the bodies of untyped functions are not checked, consider using --check-untyped-defs  [annotation-unchecked]
app\advanced_security_hardening.py:99: note: By default the bodies of untyped functions are not checked, consider using --check-untyped-defs  [annotation-unchecked]
app\advanced_security_hardening.py:147: note: By default the bodies of untyped functions are not checked, consider using --check-untyped-defs  [annotation-unchecked]
app\advanced_security_hardening.py:148: note: By default the bodies of untyped functions are not checked, consider using --check-untyped-defs  [annotation-unchecked]
app\advanced_security_hardening.py:173: note: By default the bodies of untyped functions are not checked, consider using --check-untyped-defs  [annotation-unchecked]
app\advanced_monitoring.py:51: note: By default the bodies of untyped functions are not checked, consider using --check-untyped-defs  [annotation-unchecked]
app\advanced_monitoring.py:176: note: By default the bodies of untyped functions are not checked, consider using --check-untyped-defs  [annotation-unchecked]
app\advanced_monitoring.py:251: error: Need type annotation for "flow_counts"  [var-annotated]
app\advanced_monitoring.py:295: error: Need type annotation for "alerts" (hint: "alerts: list[<type>] = ...")  [var-annotated]
app\advanced_caching.py:23: error: Need type annotation for "etag_cache" (hint: "etag_cache: dict[<type>, <type>] = ...")  [var-annotated]
app\core\security.py:29: error: Cannot find implementation or library stub for module named "dotenv"  [import-not-found]
app\core\security.py:29: note: See https://mypy.readthedocs.io/en/stable/running_mypy.html#missing-imports
app\core\security.py:67: error: "object" has no attribute "copy"  [attr-defined]
app\subscriptions.py:13: error: Incompatible return value type (got "Any | bool | None", expected "bool")  [return-value]
app\subscriptions.py:239: error: Invalid index type "str" for "dict[SubscriptionTier, TierDetails]"; expected type "SubscriptionTier"  [index]
app\subscriptions.py:240: error: Invalid index type "str" for "dict[SubscriptionTier, TierDetails]"; expected type "SubscriptionTier"  [index]
app\middleware.py:9: error: Cannot find implementation or library stub for module named "structlog"  [import-not-found]
app\middleware.py:11: error: Cannot find implementation or library stub for module named "prometheus_client"  [import-not-found]
app\middleware.py:209: error: Need type annotation for "requests" (hint: "requests: dict[<type>, <type>] = ...")  [var-annotated]
app\enterprise_features.py:120: error: Incompatible types in assignment (expression has type "None", variable has type "datetime")  [assignment]
app\enterprise_features.py:121: error: Incompatible types in assignment (expression has type "None", variable has type "datetime")  [assignment]
app\enterprise_features.py:608: error: Incompatible default for argument "status" (default has type "None", argument has type "str")  [assignment]
app\enterprise_features.py:608: note: PEP 484 prohibits implicit Optional. Accordingly, mypy has changed its default to no_implicit_optional=True
app\enterprise_features.py:608: note: Use https://github.com/hauntsaninja/no_implicit_optional to automatically upgrade your codebase
app\enterprise_features.py:763: error: Incompatible default for argument "status" (default has type "None", argument has type "str")  [assignment]
app\enterprise_features.py:763: note: PEP 484 prohibits implicit Optional. Accordingly, mypy has changed its default to no_implicit_optional=True
app\enterprise_features.py:763: note: Use https://github.com/hauntsaninja/no_implicit_optional to automatically upgrade your codebase
app\custom_dashboards.py:532: error: Incompatible default for argument "user_id" (default has type "None", argument has type "str")  [assignment]
app\custom_dashboards.py:532: note: PEP 484 prohibits implicit Optional. Accordingly, mypy has changed its default to no_implicit_optional=True
app\custom_dashboards.py:532: note: Use https://github.com/hauntsaninja/no_implicit_optional to automatically upgrade your codebase
app\compliance_reporting.py:64: error: Incompatible types in assignment (expression has type "None", variable has type "datetime")  [assignment]
app\compliance_reporting.py:459: error: Unsupported operand types for < ("float" and "object")  [operator]
app\compliance_reporting.py:465: error: Generator has incompatible item type "object"; expected "bool"  [misc]
app\compliance_reporting.py:468: error: Unsupported operand types for > ("float" and "object")  [operator]
app\compliance_reporting.py:470: error: Unsupported operand types for > ("float" and "object")  [operator]
app\compliance_reporting.py:470: error: Unsupported operand types for <= ("float" and "object")  [operator]
app\compliance_reporting.py:472: error: Unsupported operand types for <= ("float" and "object")  [operator]
app\security_modules\mfa.py:13: error: Cannot find implementation or library stub for module named "pyotp"  [import-not-found]
app\security_modules\mfa.py:20: error: Name "pyotp" already defined (possibly by an import)  [no-redef]
app\security_modules\mfa.py:46: error: Name "qrcode" already defined (by an import)  [no-redef]
app\security_modules\mfa.py:65: error: Cannot find implementation or library stub for module named "cryptography.fernet"  [import-not-found]
app\security_modules\mfa.py:189: error: Unexpected keyword argument "format" for "save" of "PyPNGImage"  [call-arg]
.venv\Lib\site-packages\qrcode-stubs\image\pure.pyi: note: "save" of "PyPNGImage" defined here
app\deps.py:2: error: Cannot find implementation or library stub for module named "jwt"  [import-not-found]
app\deps.py:105: error: "Subscription" has no attribute "is_active"; maybe "active"?  [attr-defined]
app\auth.py:150: error: Cannot find implementation or library stub for module named "bcrypt"  [import-not-found]
app\__init__.py:35: error: Incompatible types in assignment (expression has type "None", variable has type "Callable[[dict[Any, Any], int | None], str]")  [assignment]
app\__init__.py:36: error: Incompatible types in assignment (expression has type "None", variable has type "Callable[[str], dict[Any, Any]]")  [assignment]
app\__init__.py:46: error: Incompatible types in assignment (expression has type "None", variable has type Module)  [assignment]
app\__init__.py:72: error: Incompatible types in assignment (expression has type "_AuthShim", variable has type Module)  [assignment]
app\__init__.py:88: error: Module has no attribute "create_access_token"  [attr-defined]
app\__init__.py:90: error: Module has no attribute "verify_token"  [attr-defined]
app\paywall_hooks.py:20: error: Module has no attribute "api_key"  [attr-defined]
app\analytics_dashboard.py:31: note: By default the bodies of untyped functions are not checked, consider using --check-untyped-defs  [annotation-unchecked]
app\analytics.py:243: error: Need type annotation for "connections" (hint: "connections: dict[<type>, <type>] = ...")  [var-annotated]
app\admin.py:83: error: Cannot find implementation or library stub for module named "sendgrid"  [import-not-found]
app\admin.py:84: error: Cannot find implementation or library stub for module named "sendgrid.helpers.mail"  [import-not-found]
app\admin.py:125: note: By default the bodies of untyped functions are not checked, consider using --check-untyped-defs  [annotation-unchecked]
app\main.py:476: error: Cannot determine type of "router"  [has-type]
app\main.py:578: error: Cannot find implementation or library stub for module named "uvicorn"  [import-not-found]
app\main.py:586: error: Cannot find implementation or library stub for module named ".integrations.xrp"  [import-not-found]
app\paywall.py:73: error: "Settings" has no attribute "XRP_WALLET_ADDRESS"  [attr-defined]
app\paywall.py:83: error: "Settings" has no attribute "XRP_WALLET_ADDRESS"  [attr-defined]
app\paywall.py:163: error: Module has no attribute "update_user_subscription"  [attr-defined]
Found 294 errors in 52 files (checked 90 source files)
